<?xml version="1.0" encoding="UTF-8"?>
<!-- Generated by org.testng.reporters.JUnitXMLReporter -->
<testsuite hostname="QHUY" ignored="0" name="Firefox Test" tests="4" failures="0" timestamp="21 Sep 2018 19:04:47 GMT" time="37.128" errors="0">
  <testcase name="Verify_User_Can_Search_For_Flight" time="6.813" classname="pageTests.FlightHomePageTest"/>
  <testcase name="Verify_User_Can_Select_Different_Business_Class" time="0.399" classname="pageTests.FlightHomePageTest"/>
  <testcase name="Verify_User_Can_Select_Different_Passenger_Type" time="0.384" classname="pageTests.FlightHomePageTest"/>
  <testcase name="Verify_User_Is_Present_With_Validation_Errors" time="0.321" classname="pageTests.FlightHomePageTest"/>
</testsuite> <!-- Firefox Test -->
