<?xml version="1.0" encoding="UTF-8"?>
<testng-results skipped="0" failed="0" ignored="0" total="1" passed="1">
  <reporter-output>
  </reporter-output>
  <suite name="Default suite" duration-ms="69854" started-at="2018-09-04T00:38:18Z" finished-at="2018-09-04T00:39:28Z">
    <groups>
    </groups>
    <test name="Default test" duration-ms="69854" started-at="2018-09-04T00:38:18Z" finished-at="2018-09-04T00:39:28Z">
      <class name="pageTests.FlightResultPageTest">
        <test-method status="PASS" signature="beforeMethod()[pri:0, instance:pageTests.FlightResultPageTest@5c3bd550]" name="beforeMethod" is-config="true" duration-ms="30719" started-at="2018-09-04T00:38:18Z" finished-at="2018-09-04T00:38:49Z">
          <reporter-output>
          </reporter-output>
        </test-method> <!-- beforeMethod -->
        <test-method status="PASS" signature="Verify_There_Is_A_List_Of_Airline_Brands_That_User_Can_Select()[pri:0, instance:pageTests.FlightResultPageTest@5c3bd550]" name="Verify_There_Is_A_List_Of_Airline_Brands_That_User_Can_Select" duration-ms="37655" started-at="2018-09-04T00:38:49Z" finished-at="2018-09-04T00:39:26Z">
          <reporter-output>
          </reporter-output>
        </test-method> <!-- Verify_There_Is_A_List_Of_Airline_Brands_That_User_Can_Select -->
        <test-method status="PASS" signature="afterMethod()[pri:0, instance:pageTests.FlightResultPageTest@5c3bd550]" name="afterMethod" is-config="true" duration-ms="1454" started-at="2018-09-04T00:39:26Z" finished-at="2018-09-04T00:39:28Z">
          <reporter-output>
          </reporter-output>
        </test-method> <!-- afterMethod -->
      </class> <!-- pageTests.FlightResultPageTest -->
    </test> <!-- Default test -->
  </suite> <!-- Default suite -->
</testng-results>
